<?xml version="1.0" encoding="UTF-8"?>
<testExecutions version="1">
  <file path="C:\Users\mario\Desktop\SPG\client\src\__tests__\API.test.js">
    <testCase name="test GetProductByID No errors" duration="20"/>
    <testCase name="test GetProductByID Error" duration="2"/>
    <testCase name="test getAllExpectedProducts No errors" duration="12"/>
    <testCase name="test getAllExpectedProducts Error" duration="2"/>
    <testCase name="test getAllConfirmedProducts No errors" duration="6"/>
    <testCase name="test getAllConfirmedProducts Error" duration="2"/>
    <testCase name="test getOrderedProductsForProvider No errors" duration="2"/>
    <testCase name="test getOrderedProductsForProvider Error" duration="1"/>
    <testCase name="test setProductsAsFarmerShipped No errors" duration="1"/>
    <testCase name="test setProductsAsFarmerShipped Error" duration="1"/>
    <testCase name="test declareAvailability No errors" duration="1"/>
    <testCase name="test declareAvailability Error" duration="1"/>
    <testCase name="test uploadProductImage No errors" duration="1"/>
    <testCase name="test uploadProductImage Error" duration="1"/>
    <testCase name="test GetAllCategories No errors" duration="1"/>
    <testCase name="test GetAllCategories Error" duration="1"/>
    <testCase name="test GetAllProviders No errors" duration="2"/>
    <testCase name="test GetAllProviders Error" duration="1"/>
    <testCase name="test GetProviderByID No errors" duration="1"/>
    <testCase name="test GetProviderByID Error" duration="1"/>
    <testCase name="test getProviderShipmentStatus No errors" duration="1"/>
    <testCase name="test getProviderShipmentStatus Error" duration="1"/>
    <testCase name="test getProviderProducts No errors" duration="4"/>
    <testCase name="test getProviderProducts Error" duration="1"/>
    <testCase name="test getProviderConfirmationStatus No errors" duration="1"/>
    <testCase name="test getProviderConfirmationStatus Error" duration="1"/>
    <testCase name="test getProviderExpectedProducts No errors" duration="2"/>
    <testCase name="test getProviderExpectedProducts Error" duration="1"/>
    <testCase name="test getProviderProductsNotification No errors" duration="2"/>
    <testCase name="test getProviderProductsNotification Error" duration="1"/>
    <testCase name="test setNotificationSent No errors" duration="7"/>
    <testCase name="test setNotificationSent Error" duration="1"/>
    <testCase name="test farmerApplication No errors" duration="2"/>
    <testCase name="test farmerApplication Error" duration="0"/>
    <testCase name="test checkEmailAvailability No errors" duration="0"/>
    <testCase name="test checkEmailAvailability Error" duration="0"/>
    <testCase name="test farmerPendingApplication No errors" duration="2"/>
    <testCase name="test farmerPendingApplication Error" duration="1"/>
    <testCase name="test getFarmerAcceptedApplications No errors" duration="2"/>
    <testCase name="test getFarmerAcceptedApplications Error" duration="1"/>
    <testCase name="test acceptFarmerApplication No errors" duration="2"/>
    <testCase name="test acceptFarmerApplication Error" duration="1"/>
    <testCase name="test rejectFarmerApplication No errors" duration="2"/>
    <testCase name="test rejectFarmerApplication Error" duration="1"/>
  </file>
  <file path="C:\Users\mario\Desktop\SPG\client\src\__tests__\PickupList.test.js">
    <testCase name="Renders the list of products to be picked up correctly" duration="166">
      <failure message="TestingLibraryElementError: Unable to find an element with the text: Close. This could be because the text is broken up by multiple elements. In this case, you can provide a function for your text matcher to make your matcher more flexible."><![CDATA[TestingLibraryElementError: Unable to find an element with the text: Close. This could be because the text is broken up by multiple elements. In this case, you can provide a function for your text matcher to make your matcher more flexible.

<body>
  <div>
    <div
      class="list-group list-group-flush"
    >
      <div
        class="list-group-item"
        style="background-color: rgb(169, 169, 169); font-size: 20px;"
      >
        <div
          class="row"
        >
          <div
            class="col-md-2 col-2"
          >
            Order ID
          </div>
          <div
            class="col-md-2 col-2"
          >
            Client ID
          </div>
          <div
            class="col-md-3 col-3"
          >
            Products
          </div>
          <div
            class="col-md-3 col-3"
          >
            TOTAL
          </div>
          <div
            class="col-md-2 col-2"
          >
            Confirm Preparation
          </div>
        </div>
      </div>
    </div>
     
  </div>
</body>
    at Object.getElementError (C:\Users\mario\Desktop\SPG\client\node_modules\@testing-library\dom\dist\config.js:37:19)
    at C:\Users\mario\Desktop\SPG\client\node_modules\@testing-library\dom\dist\query-helpers.js:90:38
    at C:\Users\mario\Desktop\SPG\client\node_modules\@testing-library\dom\dist\query-helpers.js:62:17
    at getByText (C:\Users\mario\Desktop\SPG\client\node_modules\@testing-library\dom\dist\query-helpers.js:111:19)
    at Object.<anonymous> (C:\Users\mario\Desktop\SPG\client\src\__tests__\PickupList.test.js:16:25)
    at Promise.then.completed (C:\Users\mario\Desktop\SPG\client\node_modules\jest-circus\build\utils.js:276:28)
    at new Promise (<anonymous>)
    at callAsyncCircusFn (C:\Users\mario\Desktop\SPG\client\node_modules\jest-circus\build\utils.js:216:10)
    at _callCircusTest (C:\Users\mario\Desktop\SPG\client\node_modules\jest-circus\build\run.js:212:40)
    at processTicksAndRejections (node:internal/process/task_queues:96:5)
    at _runTest (C:\Users\mario\Desktop\SPG\client\node_modules\jest-circus\build\run.js:149:3)
    at _runTestsForDescribeBlock (C:\Users\mario\Desktop\SPG\client\node_modules\jest-circus\build\run.js:63:9)
    at run (C:\Users\mario\Desktop\SPG\client\node_modules\jest-circus\build\run.js:25:3)
    at runAndTransformResultsToJestFormat (C:\Users\mario\Desktop\SPG\client\node_modules\jest-circus\build\legacy-code-todo-rewrite\jestAdapterInit.js:176:21)
    at jestAdapter (C:\Users\mario\Desktop\SPG\client\node_modules\jest-circus\build\legacy-code-todo-rewrite\jestAdapter.js:109:19)
    at runTestInternal (C:\Users\mario\Desktop\SPG\client\node_modules\jest-runner\build\runTest.js:380:16)
    at runTest (C:\Users\mario\Desktop\SPG\client\node_modules\jest-runner\build\runTest.js:472:34)
    at Object.worker (C:\Users\mario\Desktop\SPG\client\node_modules\jest-runner\build\testWorker.js:133:12)]]></failure>
    </testCase>
    <testCase name="Renders the list of products to be picked up correctly with sufficient budget" duration="46">
      <failure message="TestingLibraryElementError: Unable to find an element with the text: Close. This could be because the text is broken up by multiple elements. In this case, you can provide a function for your text matcher to make your matcher more flexible."><![CDATA[TestingLibraryElementError: Unable to find an element with the text: Close. This could be because the text is broken up by multiple elements. In this case, you can provide a function for your text matcher to make your matcher more flexible.

<body>
  <div>
    <div
      class="list-group list-group-flush"
    >
      <div
        class="list-group-item"
        style="background-color: rgb(169, 169, 169); font-size: 20px;"
      >
        <div
          class="row"
        >
          <div
            class="col-md-2 col-2"
          >
            Order ID
          </div>
          <div
            class="col-md-2 col-2"
          >
            Client ID
          </div>
          <div
            class="col-md-3 col-3"
          >
            Products
          </div>
          <div
            class="col-md-3 col-3"
          >
            TOTAL
          </div>
          <div
            class="col-md-2 col-2"
          >
            Confirm Preparation
          </div>
        </div>
      </div>
    </div>
     
  </div>
</body>
    at Object.getElementError (C:\Users\mario\Desktop\SPG\client\node_modules\@testing-library\dom\dist\config.js:37:19)
    at C:\Users\mario\Desktop\SPG\client\node_modules\@testing-library\dom\dist\query-helpers.js:90:38
    at C:\Users\mario\Desktop\SPG\client\node_modules\@testing-library\dom\dist\query-helpers.js:62:17
    at getByText (C:\Users\mario\Desktop\SPG\client\node_modules\@testing-library\dom\dist\query-helpers.js:111:19)
    at Object.<anonymous> (C:\Users\mario\Desktop\SPG\client\src\__tests__\PickupList.test.js:32:26)
    at Promise.then.completed (C:\Users\mario\Desktop\SPG\client\node_modules\jest-circus\build\utils.js:276:28)
    at new Promise (<anonymous>)
    at callAsyncCircusFn (C:\Users\mario\Desktop\SPG\client\node_modules\jest-circus\build\utils.js:216:10)
    at _callCircusTest (C:\Users\mario\Desktop\SPG\client\node_modules\jest-circus\build\run.js:212:40)
    at processTicksAndRejections (node:internal/process/task_queues:96:5)
    at _runTest (C:\Users\mario\Desktop\SPG\client\node_modules\jest-circus\build\run.js:149:3)
    at _runTestsForDescribeBlock (C:\Users\mario\Desktop\SPG\client\node_modules\jest-circus\build\run.js:63:9)
    at run (C:\Users\mario\Desktop\SPG\client\node_modules\jest-circus\build\run.js:25:3)
    at runAndTransformResultsToJestFormat (C:\Users\mario\Desktop\SPG\client\node_modules\jest-circus\build\legacy-code-todo-rewrite\jestAdapterInit.js:176:21)
    at jestAdapter (C:\Users\mario\Desktop\SPG\client\node_modules\jest-circus\build\legacy-code-todo-rewrite\jestAdapter.js:109:19)
    at runTestInternal (C:\Users\mario\Desktop\SPG\client\node_modules\jest-runner\build\runTest.js:380:16)
    at runTest (C:\Users\mario\Desktop\SPG\client\node_modules\jest-runner\build\runTest.js:472:34)
    at Object.worker (C:\Users\mario\Desktop\SPG\client\node_modules\jest-runner\build\testWorker.js:133:12)]]></failure>
    </testCase>
  </file>
  <file path="C:\Users\mario\Desktop\SPG\client\src\__tests__\MyNavbar.test.js">
    <testCase name="Renders Frontpage correctly" duration="361">
      <failure message="Error: Invariant failed: You should not use &lt;Link&gt; outside a &lt;Router&gt;"><![CDATA[Error: Invariant failed: You should not use <Link> outside a <Router>
    at invariant (C:\Users\mario\Desktop\SPG\client\node_modules\tiny-invariant\dist\tiny-invariant.cjs.js:14:11)
    at C:\Users\mario\Desktop\SPG\client\node_modules\react-router-dom\modules\Link.js:88:11
    at updateContextConsumer (C:\Users\mario\Desktop\SPG\client\node_modules\react-dom\cjs\react-dom.development.js:18747:19)
    at beginWork (C:\Users\mario\Desktop\SPG\client\node_modules\react-dom\cjs\react-dom.development.js:19114:14)
    at HTMLUnknownElement.callCallback (C:\Users\mario\Desktop\SPG\client\node_modules\react-dom\cjs\react-dom.development.js:3945:14)
    at HTMLUnknownElement.callTheUserObjectsOperation (C:\Users\mario\Desktop\SPG\client\node_modules\jsdom\lib\jsdom\living\generated\EventListener.js:26:30)
    at innerInvokeEventListeners (C:\Users\mario\Desktop\SPG\client\node_modules\jsdom\lib\jsdom\living\events\EventTarget-impl.js:338:25)
    at invokeEventListeners (C:\Users\mario\Desktop\SPG\client\node_modules\jsdom\lib\jsdom\living\events\EventTarget-impl.js:274:3)
    at HTMLUnknownElementImpl._dispatch (C:\Users\mario\Desktop\SPG\client\node_modules\jsdom\lib\jsdom\living\events\EventTarget-impl.js:221:9)
    at HTMLUnknownElementImpl.dispatchEvent (C:\Users\mario\Desktop\SPG\client\node_modules\jsdom\lib\jsdom\living\events\EventTarget-impl.js:94:17)
    at HTMLUnknownElement.dispatchEvent (C:\Users\mario\Desktop\SPG\client\node_modules\jsdom\lib\jsdom\living\generated\EventTarget.js:231:34)
    at Object.invokeGuardedCallbackDev (C:\Users\mario\Desktop\SPG\client\node_modules\react-dom\cjs\react-dom.development.js:3994:16)
    at invokeGuardedCallback (C:\Users\mario\Desktop\SPG\client\node_modules\react-dom\cjs\react-dom.development.js:4056:31)
    at beginWork$1 (C:\Users\mario\Desktop\SPG\client\node_modules\react-dom\cjs\react-dom.development.js:23964:7)
    at performUnitOfWork (C:\Users\mario\Desktop\SPG\client\node_modules\react-dom\cjs\react-dom.development.js:22779:12)
    at workLoopSync (C:\Users\mario\Desktop\SPG\client\node_modules\react-dom\cjs\react-dom.development.js:22707:5)
    at renderRootSync (C:\Users\mario\Desktop\SPG\client\node_modules\react-dom\cjs\react-dom.development.js:22670:7)
    at performSyncWorkOnRoot (C:\Users\mario\Desktop\SPG\client\node_modules\react-dom\cjs\react-dom.development.js:22293:18)
    at scheduleUpdateOnFiber (C:\Users\mario\Desktop\SPG\client\node_modules\react-dom\cjs\react-dom.development.js:21881:7)
    at updateContainer (C:\Users\mario\Desktop\SPG\client\node_modules\react-dom\cjs\react-dom.development.js:25482:3)
    at C:\Users\mario\Desktop\SPG\client\node_modules\react-dom\cjs\react-dom.development.js:26021:7
    at unbatchedUpdates (C:\Users\mario\Desktop\SPG\client\node_modules\react-dom\cjs\react-dom.development.js:22431:12)
    at legacyRenderSubtreeIntoContainer (C:\Users\mario\Desktop\SPG\client\node_modules\react-dom\cjs\react-dom.development.js:26020:5)
    at Object.render (C:\Users\mario\Desktop\SPG\client\node_modules\react-dom\cjs\react-dom.development.js:26103:10)
    at C:\Users\mario\Desktop\SPG\client\node_modules\@testing-library\react\dist\pure.js:101:25
    at batchedUpdates$1 (C:\Users\mario\Desktop\SPG\client\node_modules\react-dom\cjs\react-dom.development.js:22380:12)
    at act (C:\Users\mario\Desktop\SPG\client\node_modules\react-dom\cjs\react-dom-test-utils.development.js:1042:14)
    at render (C:\Users\mario\Desktop\SPG\client\node_modules\@testing-library\react\dist\pure.js:97:26)
    at Object.<anonymous> (C:\Users\mario\Desktop\SPG\client\src\__tests__\MyNavbar.test.js:12:26)
    at Promise.then.completed (C:\Users\mario\Desktop\SPG\client\node_modules\jest-circus\build\utils.js:276:28)
    at new Promise (<anonymous>)
    at callAsyncCircusFn (C:\Users\mario\Desktop\SPG\client\node_modules\jest-circus\build\utils.js:216:10)
    at _callCircusTest (C:\Users\mario\Desktop\SPG\client\node_modules\jest-circus\build\run.js:212:40)
    at processTicksAndRejections (node:internal/process/task_queues:96:5)
    at _runTest (C:\Users\mario\Desktop\SPG\client\node_modules\jest-circus\build\run.js:149:3)
    at _runTestsForDescribeBlock (C:\Users\mario\Desktop\SPG\client\node_modules\jest-circus\build\run.js:63:9)
    at run (C:\Users\mario\Desktop\SPG\client\node_modules\jest-circus\build\run.js:25:3)
    at runAndTransformResultsToJestFormat (C:\Users\mario\Desktop\SPG\client\node_modules\jest-circus\build\legacy-code-todo-rewrite\jestAdapterInit.js:176:21)
    at jestAdapter (C:\Users\mario\Desktop\SPG\client\node_modules\jest-circus\build\legacy-code-todo-rewrite\jestAdapter.js:109:19)
    at runTestInternal (C:\Users\mario\Desktop\SPG\client\node_modules\jest-runner\build\runTest.js:380:16)
    at runTest (C:\Users\mario\Desktop\SPG\client\node_modules\jest-runner\build\runTest.js:472:34)
    at Object.worker (C:\Users\mario\Desktop\SPG\client\node_modules\jest-runner\build\testWorker.js:133:12)]]></failure>
    </testCase>
  </file>
  <file path="C:\Users\mario\Desktop\SPG\client\src\__tests__\ProductPage.test.js">
    <testCase name="Renders Frontpage correctly" duration="169"/>
  </file>
  <file path="C:\Users\mario\Desktop\SPG\client\src\__tests__\Orders.test.js">
    <testCase name="Renders Orders Page correctly" duration="185"/>
  </file>
  <file path="C:\Users\mario\Desktop\SPG\client\src\__tests__\FarmerPageOrders.test.js">
  </file>
  <file path="C:\Users\mario\Desktop\SPG\client\src\__tests__\ClientAlert.test.js">
    <testCase name="Renders Correctly the client Reminder" duration="332"/>
  </file>
  <file path="C:\Users\mario\Desktop\SPG\client\src\__tests__\Booking.test.js">
    <testCase name="Render Booking Correctly" duration="357">
      <failure message="TypeError: Cannot read properties of undefined (reading &apos;location&apos;)"><![CDATA[TypeError: Cannot read properties of undefined (reading 'location')
    at useLocation (C:\Users\mario\Desktop\SPG\client\node_modules\react-router\modules\hooks.js:29:10)
    at Booking (C:\Users\mario\Desktop\SPG\client\src\Components\Booking.js:30:20)
    at renderWithHooks (C:\Users\mario\Desktop\SPG\client\node_modules\react-dom\cjs\react-dom.development.js:14985:18)
    at mountIndeterminateComponent (C:\Users\mario\Desktop\SPG\client\node_modules\react-dom\cjs\react-dom.development.js:17811:13)
    at beginWork (C:\Users\mario\Desktop\SPG\client\node_modules\react-dom\cjs\react-dom.development.js:19049:16)
    at HTMLUnknownElement.callCallback (C:\Users\mario\Desktop\SPG\client\node_modules\react-dom\cjs\react-dom.development.js:3945:14)
    at HTMLUnknownElement.callTheUserObjectsOperation (C:\Users\mario\Desktop\SPG\client\node_modules\jsdom\lib\jsdom\living\generated\EventListener.js:26:30)
    at innerInvokeEventListeners (C:\Users\mario\Desktop\SPG\client\node_modules\jsdom\lib\jsdom\living\events\EventTarget-impl.js:338:25)
    at invokeEventListeners (C:\Users\mario\Desktop\SPG\client\node_modules\jsdom\lib\jsdom\living\events\EventTarget-impl.js:274:3)
    at HTMLUnknownElementImpl._dispatch (C:\Users\mario\Desktop\SPG\client\node_modules\jsdom\lib\jsdom\living\events\EventTarget-impl.js:221:9)
    at HTMLUnknownElementImpl.dispatchEvent (C:\Users\mario\Desktop\SPG\client\node_modules\jsdom\lib\jsdom\living\events\EventTarget-impl.js:94:17)
    at HTMLUnknownElement.dispatchEvent (C:\Users\mario\Desktop\SPG\client\node_modules\jsdom\lib\jsdom\living\generated\EventTarget.js:231:34)
    at Object.invokeGuardedCallbackDev (C:\Users\mario\Desktop\SPG\client\node_modules\react-dom\cjs\react-dom.development.js:3994:16)
    at invokeGuardedCallback (C:\Users\mario\Desktop\SPG\client\node_modules\react-dom\cjs\react-dom.development.js:4056:31)
    at beginWork$1 (C:\Users\mario\Desktop\SPG\client\node_modules\react-dom\cjs\react-dom.development.js:23964:7)
    at performUnitOfWork (C:\Users\mario\Desktop\SPG\client\node_modules\react-dom\cjs\react-dom.development.js:22779:12)
    at workLoopSync (C:\Users\mario\Desktop\SPG\client\node_modules\react-dom\cjs\react-dom.development.js:22707:5)
    at renderRootSync (C:\Users\mario\Desktop\SPG\client\node_modules\react-dom\cjs\react-dom.development.js:22670:7)
    at performSyncWorkOnRoot (C:\Users\mario\Desktop\SPG\client\node_modules\react-dom\cjs\react-dom.development.js:22293:18)
    at scheduleUpdateOnFiber (C:\Users\mario\Desktop\SPG\client\node_modules\react-dom\cjs\react-dom.development.js:21881:7)
    at updateContainer (C:\Users\mario\Desktop\SPG\client\node_modules\react-dom\cjs\react-dom.development.js:25482:3)
    at C:\Users\mario\Desktop\SPG\client\node_modules\react-dom\cjs\react-dom.development.js:26021:7
    at unbatchedUpdates (C:\Users\mario\Desktop\SPG\client\node_modules\react-dom\cjs\react-dom.development.js:22431:12)
    at legacyRenderSubtreeIntoContainer (C:\Users\mario\Desktop\SPG\client\node_modules\react-dom\cjs\react-dom.development.js:26020:5)
    at Object.render (C:\Users\mario\Desktop\SPG\client\node_modules\react-dom\cjs\react-dom.development.js:26103:10)
    at C:\Users\mario\Desktop\SPG\client\node_modules\@testing-library\react\dist\pure.js:101:25
    at batchedUpdates$1 (C:\Users\mario\Desktop\SPG\client\node_modules\react-dom\cjs\react-dom.development.js:22380:12)
    at act (C:\Users\mario\Desktop\SPG\client\node_modules\react-dom\cjs\react-dom-test-utils.development.js:1042:14)
    at render (C:\Users\mario\Desktop\SPG\client\node_modules\@testing-library\react\dist\pure.js:97:26)
    at Object.<anonymous> (C:\Users\mario\Desktop\SPG\client\src\__tests__\Booking.test.js:39:24)
    at Promise.then.completed (C:\Users\mario\Desktop\SPG\client\node_modules\jest-circus\build\utils.js:276:28)
    at new Promise (<anonymous>)
    at callAsyncCircusFn (C:\Users\mario\Desktop\SPG\client\node_modules\jest-circus\build\utils.js:216:10)
    at _callCircusTest (C:\Users\mario\Desktop\SPG\client\node_modules\jest-circus\build\run.js:212:40)
    at processTicksAndRejections (node:internal/process/task_queues:96:5)
    at _runTest (C:\Users\mario\Desktop\SPG\client\node_modules\jest-circus\build\run.js:149:3)
    at _runTestsForDescribeBlock (C:\Users\mario\Desktop\SPG\client\node_modules\jest-circus\build\run.js:63:9)
    at run (C:\Users\mario\Desktop\SPG\client\node_modules\jest-circus\build\run.js:25:3)
    at runAndTransformResultsToJestFormat (C:\Users\mario\Desktop\SPG\client\node_modules\jest-circus\build\legacy-code-todo-rewrite\jestAdapterInit.js:176:21)
    at jestAdapter (C:\Users\mario\Desktop\SPG\client\node_modules\jest-circus\build\legacy-code-todo-rewrite\jestAdapter.js:109:19)
    at runTestInternal (C:\Users\mario\Desktop\SPG\client\node_modules\jest-runner\build\runTest.js:380:16)
    at runTest (C:\Users\mario\Desktop\SPG\client\node_modules\jest-runner\build\runTest.js:472:34)
    at Object.worker (C:\Users\mario\Desktop\SPG\client\node_modules\jest-runner\build\testWorker.js:133:12)]]></failure>
    </testCase>
    <testCase name="Render StaffBooking Correctly" duration="7">
      <failure message="TypeError: Cannot read properties of undefined (reading &apos;location&apos;)"><![CDATA[TypeError: Cannot read properties of undefined (reading 'location')
    at useLocation (C:\Users\mario\Desktop\SPG\client\node_modules\react-router\modules\hooks.js:29:10)
    at Booking (C:\Users\mario\Desktop\SPG\client\src\Components\Booking.js:30:20)
    at renderWithHooks (C:\Users\mario\Desktop\SPG\client\node_modules\react-dom\cjs\react-dom.development.js:14985:18)
    at mountIndeterminateComponent (C:\Users\mario\Desktop\SPG\client\node_modules\react-dom\cjs\react-dom.development.js:17811:13)
    at beginWork (C:\Users\mario\Desktop\SPG\client\node_modules\react-dom\cjs\react-dom.development.js:19049:16)
    at HTMLUnknownElement.callCallback (C:\Users\mario\Desktop\SPG\client\node_modules\react-dom\cjs\react-dom.development.js:3945:14)
    at HTMLUnknownElement.callTheUserObjectsOperation (C:\Users\mario\Desktop\SPG\client\node_modules\jsdom\lib\jsdom\living\generated\EventListener.js:26:30)
    at innerInvokeEventListeners (C:\Users\mario\Desktop\SPG\client\node_modules\jsdom\lib\jsdom\living\events\EventTarget-impl.js:338:25)
    at invokeEventListeners (C:\Users\mario\Desktop\SPG\client\node_modules\jsdom\lib\jsdom\living\events\EventTarget-impl.js:274:3)
    at HTMLUnknownElementImpl._dispatch (C:\Users\mario\Desktop\SPG\client\node_modules\jsdom\lib\jsdom\living\events\EventTarget-impl.js:221:9)
    at HTMLUnknownElementImpl.dispatchEvent (C:\Users\mario\Desktop\SPG\client\node_modules\jsdom\lib\jsdom\living\events\EventTarget-impl.js:94:17)
    at HTMLUnknownElement.dispatchEvent (C:\Users\mario\Desktop\SPG\client\node_modules\jsdom\lib\jsdom\living\generated\EventTarget.js:231:34)
    at Object.invokeGuardedCallbackDev (C:\Users\mario\Desktop\SPG\client\node_modules\react-dom\cjs\react-dom.development.js:3994:16)
    at invokeGuardedCallback (C:\Users\mario\Desktop\SPG\client\node_modules\react-dom\cjs\react-dom.development.js:4056:31)
    at beginWork$1 (C:\Users\mario\Desktop\SPG\client\node_modules\react-dom\cjs\react-dom.development.js:23964:7)
    at performUnitOfWork (C:\Users\mario\Desktop\SPG\client\node_modules\react-dom\cjs\react-dom.development.js:22779:12)
    at workLoopSync (C:\Users\mario\Desktop\SPG\client\node_modules\react-dom\cjs\react-dom.development.js:22707:5)
    at renderRootSync (C:\Users\mario\Desktop\SPG\client\node_modules\react-dom\cjs\react-dom.development.js:22670:7)
    at performSyncWorkOnRoot (C:\Users\mario\Desktop\SPG\client\node_modules\react-dom\cjs\react-dom.development.js:22293:18)
    at scheduleUpdateOnFiber (C:\Users\mario\Desktop\SPG\client\node_modules\react-dom\cjs\react-dom.development.js:21881:7)
    at updateContainer (C:\Users\mario\Desktop\SPG\client\node_modules\react-dom\cjs\react-dom.development.js:25482:3)
    at C:\Users\mario\Desktop\SPG\client\node_modules\react-dom\cjs\react-dom.development.js:26021:7
    at unbatchedUpdates (C:\Users\mario\Desktop\SPG\client\node_modules\react-dom\cjs\react-dom.development.js:22431:12)
    at legacyRenderSubtreeIntoContainer (C:\Users\mario\Desktop\SPG\client\node_modules\react-dom\cjs\react-dom.development.js:26020:5)
    at Object.render (C:\Users\mario\Desktop\SPG\client\node_modules\react-dom\cjs\react-dom.development.js:26103:10)
    at C:\Users\mario\Desktop\SPG\client\node_modules\@testing-library\react\dist\pure.js:101:25
    at batchedUpdates$1 (C:\Users\mario\Desktop\SPG\client\node_modules\react-dom\cjs\react-dom.development.js:22380:12)
    at act (C:\Users\mario\Desktop\SPG\client\node_modules\react-dom\cjs\react-dom-test-utils.development.js:1042:14)
    at render (C:\Users\mario\Desktop\SPG\client\node_modules\@testing-library\react\dist\pure.js:97:26)
    at Object.<anonymous> (C:\Users\mario\Desktop\SPG\client\src\__tests__\Booking.test.js:52:24)
    at Promise.then.completed (C:\Users\mario\Desktop\SPG\client\node_modules\jest-circus\build\utils.js:276:28)
    at new Promise (<anonymous>)
    at callAsyncCircusFn (C:\Users\mario\Desktop\SPG\client\node_modules\jest-circus\build\utils.js:216:10)
    at _callCircusTest (C:\Users\mario\Desktop\SPG\client\node_modules\jest-circus\build\run.js:212:40)
    at processTicksAndRejections (node:internal/process/task_queues:96:5)
    at _runTest (C:\Users\mario\Desktop\SPG\client\node_modules\jest-circus\build\run.js:149:3)
    at _runTestsForDescribeBlock (C:\Users\mario\Desktop\SPG\client\node_modules\jest-circus\build\run.js:63:9)
    at run (C:\Users\mario\Desktop\SPG\client\node_modules\jest-circus\build\run.js:25:3)
    at runAndTransformResultsToJestFormat (C:\Users\mario\Desktop\SPG\client\node_modules\jest-circus\build\legacy-code-todo-rewrite\jestAdapterInit.js:176:21)
    at jestAdapter (C:\Users\mario\Desktop\SPG\client\node_modules\jest-circus\build\legacy-code-todo-rewrite\jestAdapter.js:109:19)
    at runTestInternal (C:\Users\mario\Desktop\SPG\client\node_modules\jest-runner\build\runTest.js:380:16)
    at runTest (C:\Users\mario\Desktop\SPG\client\node_modules\jest-runner\build\runTest.js:472:34)
    at Object.worker (C:\Users\mario\Desktop\SPG\client\node_modules\jest-runner\build\testWorker.js:133:12)]]></failure>
    </testCase>
  </file>
  <file path="C:\Users\mario\Desktop\SPG\client\src\__tests__\DeliverList.test.js">
    <testCase name="Renders list of products to deliver Correctly" duration="170">
      <failure message="TypeError: Cannot read properties of undefined (reading &apos;date&apos;)"><![CDATA[TypeError: Cannot read properties of undefined (reading 'date')
    at map (C:\Users\mario\Desktop\SPG\client\src\Components\DeliverList.js:71:63)
    at Array.map (<anonymous>)
    at DeliverList (C:\Users\mario\Desktop\SPG\client\src\Components\DeliverList.js:57:19)
    at renderWithHooks (C:\Users\mario\Desktop\SPG\client\node_modules\react-dom\cjs\react-dom.development.js:14985:18)
    at mountIndeterminateComponent (C:\Users\mario\Desktop\SPG\client\node_modules\react-dom\cjs\react-dom.development.js:17811:13)
    at beginWork (C:\Users\mario\Desktop\SPG\client\node_modules\react-dom\cjs\react-dom.development.js:19049:16)
    at HTMLUnknownElement.callCallback (C:\Users\mario\Desktop\SPG\client\node_modules\react-dom\cjs\react-dom.development.js:3945:14)
    at HTMLUnknownElement.callTheUserObjectsOperation (C:\Users\mario\Desktop\SPG\client\node_modules\jsdom\lib\jsdom\living\generated\EventListener.js:26:30)
    at innerInvokeEventListeners (C:\Users\mario\Desktop\SPG\client\node_modules\jsdom\lib\jsdom\living\events\EventTarget-impl.js:338:25)
    at invokeEventListeners (C:\Users\mario\Desktop\SPG\client\node_modules\jsdom\lib\jsdom\living\events\EventTarget-impl.js:274:3)
    at HTMLUnknownElementImpl._dispatch (C:\Users\mario\Desktop\SPG\client\node_modules\jsdom\lib\jsdom\living\events\EventTarget-impl.js:221:9)
    at HTMLUnknownElementImpl.dispatchEvent (C:\Users\mario\Desktop\SPG\client\node_modules\jsdom\lib\jsdom\living\events\EventTarget-impl.js:94:17)
    at HTMLUnknownElement.dispatchEvent (C:\Users\mario\Desktop\SPG\client\node_modules\jsdom\lib\jsdom\living\generated\EventTarget.js:231:34)
    at Object.invokeGuardedCallbackDev (C:\Users\mario\Desktop\SPG\client\node_modules\react-dom\cjs\react-dom.development.js:3994:16)
    at invokeGuardedCallback (C:\Users\mario\Desktop\SPG\client\node_modules\react-dom\cjs\react-dom.development.js:4056:31)
    at beginWork$1 (C:\Users\mario\Desktop\SPG\client\node_modules\react-dom\cjs\react-dom.development.js:23964:7)
    at performUnitOfWork (C:\Users\mario\Desktop\SPG\client\node_modules\react-dom\cjs\react-dom.development.js:22779:12)
    at workLoopSync (C:\Users\mario\Desktop\SPG\client\node_modules\react-dom\cjs\react-dom.development.js:22707:5)
    at renderRootSync (C:\Users\mario\Desktop\SPG\client\node_modules\react-dom\cjs\react-dom.development.js:22670:7)
    at performSyncWorkOnRoot (C:\Users\mario\Desktop\SPG\client\node_modules\react-dom\cjs\react-dom.development.js:22293:18)
    at scheduleUpdateOnFiber (C:\Users\mario\Desktop\SPG\client\node_modules\react-dom\cjs\react-dom.development.js:21881:7)
    at updateContainer (C:\Users\mario\Desktop\SPG\client\node_modules\react-dom\cjs\react-dom.development.js:25482:3)
    at C:\Users\mario\Desktop\SPG\client\node_modules\react-dom\cjs\react-dom.development.js:26021:7
    at unbatchedUpdates (C:\Users\mario\Desktop\SPG\client\node_modules\react-dom\cjs\react-dom.development.js:22431:12)
    at legacyRenderSubtreeIntoContainer (C:\Users\mario\Desktop\SPG\client\node_modules\react-dom\cjs\react-dom.development.js:26020:5)
    at Object.render (C:\Users\mario\Desktop\SPG\client\node_modules\react-dom\cjs\react-dom.development.js:26103:10)
    at C:\Users\mario\Desktop\SPG\client\node_modules\@testing-library\react\dist\pure.js:101:25
    at batchedUpdates$1 (C:\Users\mario\Desktop\SPG\client\node_modules\react-dom\cjs\react-dom.development.js:22380:12)
    at act (C:\Users\mario\Desktop\SPG\client\node_modules\react-dom\cjs\react-dom-test-utils.development.js:1042:14)
    at render (C:\Users\mario\Desktop\SPG\client\node_modules\@testing-library\react\dist\pure.js:97:26)
    at Object.<anonymous> (C:\Users\mario\Desktop\SPG\client\src\__tests__\DeliverList.test.js:9:24)
    at Promise.then.completed (C:\Users\mario\Desktop\SPG\client\node_modules\jest-circus\build\utils.js:276:28)
    at new Promise (<anonymous>)
    at callAsyncCircusFn (C:\Users\mario\Desktop\SPG\client\node_modules\jest-circus\build\utils.js:216:10)
    at _callCircusTest (C:\Users\mario\Desktop\SPG\client\node_modules\jest-circus\build\run.js:212:40)
    at processTicksAndRejections (node:internal/process/task_queues:96:5)
    at _runTest (C:\Users\mario\Desktop\SPG\client\node_modules\jest-circus\build\run.js:149:3)
    at _runTestsForDescribeBlock (C:\Users\mario\Desktop\SPG\client\node_modules\jest-circus\build\run.js:63:9)
    at run (C:\Users\mario\Desktop\SPG\client\node_modules\jest-circus\build\run.js:25:3)
    at runAndTransformResultsToJestFormat (C:\Users\mario\Desktop\SPG\client\node_modules\jest-circus\build\legacy-code-todo-rewrite\jestAdapterInit.js:176:21)
    at jestAdapter (C:\Users\mario\Desktop\SPG\client\node_modules\jest-circus\build\legacy-code-todo-rewrite\jestAdapter.js:109:19)
    at runTestInternal (C:\Users\mario\Desktop\SPG\client\node_modules\jest-runner\build\runTest.js:380:16)
    at runTest (C:\Users\mario\Desktop\SPG\client\node_modules\jest-runner\build\runTest.js:472:34)
    at Object.worker (C:\Users\mario\Desktop\SPG\client\node_modules\jest-runner\build\testWorker.js:133:12)]]></failure>
    </testCase>
  </file>
  <file path="C:\Users\mario\Desktop\SPG\client\src\__tests__\Frontpage.test.js">
    <testCase name="Renders Frontpage correctly" duration="257">
      <failure message="Error: Invariant failed: You should not use &lt;Link&gt; outside a &lt;Router&gt;"><![CDATA[Error: Invariant failed: You should not use <Link> outside a <Router>
    at invariant (C:\Users\mario\Desktop\SPG\client\node_modules\tiny-invariant\dist\tiny-invariant.cjs.js:14:11)
    at C:\Users\mario\Desktop\SPG\client\node_modules\react-router-dom\modules\Link.js:88:11
    at updateContextConsumer (C:\Users\mario\Desktop\SPG\client\node_modules\react-dom\cjs\react-dom.development.js:18747:19)
    at beginWork (C:\Users\mario\Desktop\SPG\client\node_modules\react-dom\cjs\react-dom.development.js:19114:14)
    at HTMLUnknownElement.callCallback (C:\Users\mario\Desktop\SPG\client\node_modules\react-dom\cjs\react-dom.development.js:3945:14)
    at HTMLUnknownElement.callTheUserObjectsOperation (C:\Users\mario\Desktop\SPG\client\node_modules\jsdom\lib\jsdom\living\generated\EventListener.js:26:30)
    at innerInvokeEventListeners (C:\Users\mario\Desktop\SPG\client\node_modules\jsdom\lib\jsdom\living\events\EventTarget-impl.js:338:25)
    at invokeEventListeners (C:\Users\mario\Desktop\SPG\client\node_modules\jsdom\lib\jsdom\living\events\EventTarget-impl.js:274:3)
    at HTMLUnknownElementImpl._dispatch (C:\Users\mario\Desktop\SPG\client\node_modules\jsdom\lib\jsdom\living\events\EventTarget-impl.js:221:9)
    at HTMLUnknownElementImpl.dispatchEvent (C:\Users\mario\Desktop\SPG\client\node_modules\jsdom\lib\jsdom\living\events\EventTarget-impl.js:94:17)
    at HTMLUnknownElement.dispatchEvent (C:\Users\mario\Desktop\SPG\client\node_modules\jsdom\lib\jsdom\living\generated\EventTarget.js:231:34)
    at Object.invokeGuardedCallbackDev (C:\Users\mario\Desktop\SPG\client\node_modules\react-dom\cjs\react-dom.development.js:3994:16)
    at invokeGuardedCallback (C:\Users\mario\Desktop\SPG\client\node_modules\react-dom\cjs\react-dom.development.js:4056:31)
    at beginWork$1 (C:\Users\mario\Desktop\SPG\client\node_modules\react-dom\cjs\react-dom.development.js:23964:7)
    at performUnitOfWork (C:\Users\mario\Desktop\SPG\client\node_modules\react-dom\cjs\react-dom.development.js:22779:12)
    at workLoopSync (C:\Users\mario\Desktop\SPG\client\node_modules\react-dom\cjs\react-dom.development.js:22707:5)
    at renderRootSync (C:\Users\mario\Desktop\SPG\client\node_modules\react-dom\cjs\react-dom.development.js:22670:7)
    at performSyncWorkOnRoot (C:\Users\mario\Desktop\SPG\client\node_modules\react-dom\cjs\react-dom.development.js:22293:18)
    at scheduleUpdateOnFiber (C:\Users\mario\Desktop\SPG\client\node_modules\react-dom\cjs\react-dom.development.js:21881:7)
    at updateContainer (C:\Users\mario\Desktop\SPG\client\node_modules\react-dom\cjs\react-dom.development.js:25482:3)
    at C:\Users\mario\Desktop\SPG\client\node_modules\react-dom\cjs\react-dom.development.js:26021:7
    at unbatchedUpdates (C:\Users\mario\Desktop\SPG\client\node_modules\react-dom\cjs\react-dom.development.js:22431:12)
    at legacyRenderSubtreeIntoContainer (C:\Users\mario\Desktop\SPG\client\node_modules\react-dom\cjs\react-dom.development.js:26020:5)
    at Object.render (C:\Users\mario\Desktop\SPG\client\node_modules\react-dom\cjs\react-dom.development.js:26103:10)
    at C:\Users\mario\Desktop\SPG\client\node_modules\@testing-library\react\dist\pure.js:101:25
    at batchedUpdates$1 (C:\Users\mario\Desktop\SPG\client\node_modules\react-dom\cjs\react-dom.development.js:22380:12)
    at act (C:\Users\mario\Desktop\SPG\client\node_modules\react-dom\cjs\react-dom-test-utils.development.js:1042:14)
    at render (C:\Users\mario\Desktop\SPG\client\node_modules\@testing-library\react\dist\pure.js:97:26)
    at Object.<anonymous> (C:\Users\mario\Desktop\SPG\client\src\__tests__\Frontpage.test.js:6:26)
    at Promise.then.completed (C:\Users\mario\Desktop\SPG\client\node_modules\jest-circus\build\utils.js:276:28)
    at new Promise (<anonymous>)
    at callAsyncCircusFn (C:\Users\mario\Desktop\SPG\client\node_modules\jest-circus\build\utils.js:216:10)
    at _callCircusTest (C:\Users\mario\Desktop\SPG\client\node_modules\jest-circus\build\run.js:212:40)
    at processTicksAndRejections (node:internal/process/task_queues:96:5)
    at _runTest (C:\Users\mario\Desktop\SPG\client\node_modules\jest-circus\build\run.js:149:3)
    at _runTestsForDescribeBlock (C:\Users\mario\Desktop\SPG\client\node_modules\jest-circus\build\run.js:63:9)
    at run (C:\Users\mario\Desktop\SPG\client\node_modules\jest-circus\build\run.js:25:3)
    at runAndTransformResultsToJestFormat (C:\Users\mario\Desktop\SPG\client\node_modules\jest-circus\build\legacy-code-todo-rewrite\jestAdapterInit.js:176:21)
    at jestAdapter (C:\Users\mario\Desktop\SPG\client\node_modules\jest-circus\build\legacy-code-todo-rewrite\jestAdapter.js:109:19)
    at runTestInternal (C:\Users\mario\Desktop\SPG\client\node_modules\jest-runner\build\runTest.js:380:16)
    at runTest (C:\Users\mario\Desktop\SPG\client\node_modules\jest-runner\build\runTest.js:472:34)
    at Object.worker (C:\Users\mario\Desktop\SPG\client\node_modules\jest-runner\build\testWorker.js:133:12)]]></failure>
    </testCase>
  </file>
  <file path="C:\Users\mario\Desktop\SPG\client\src\__tests__\LoginForm.test.js">
    <testCase name="Renders Loginpage correctly" duration="259">
      <failure message="Error: Invariant failed: You should not use &lt;Link&gt; outside a &lt;Router&gt;"><![CDATA[Error: Invariant failed: You should not use <Link> outside a <Router>
    at invariant (C:\Users\mario\Desktop\SPG\client\node_modules\tiny-invariant\dist\tiny-invariant.cjs.js:14:11)
    at C:\Users\mario\Desktop\SPG\client\node_modules\react-router-dom\modules\Link.js:88:11
    at updateContextConsumer (C:\Users\mario\Desktop\SPG\client\node_modules\react-dom\cjs\react-dom.development.js:18747:19)
    at beginWork (C:\Users\mario\Desktop\SPG\client\node_modules\react-dom\cjs\react-dom.development.js:19114:14)
    at HTMLUnknownElement.callCallback (C:\Users\mario\Desktop\SPG\client\node_modules\react-dom\cjs\react-dom.development.js:3945:14)
    at HTMLUnknownElement.callTheUserObjectsOperation (C:\Users\mario\Desktop\SPG\client\node_modules\jsdom\lib\jsdom\living\generated\EventListener.js:26:30)
    at innerInvokeEventListeners (C:\Users\mario\Desktop\SPG\client\node_modules\jsdom\lib\jsdom\living\events\EventTarget-impl.js:338:25)
    at invokeEventListeners (C:\Users\mario\Desktop\SPG\client\node_modules\jsdom\lib\jsdom\living\events\EventTarget-impl.js:274:3)
    at HTMLUnknownElementImpl._dispatch (C:\Users\mario\Desktop\SPG\client\node_modules\jsdom\lib\jsdom\living\events\EventTarget-impl.js:221:9)
    at HTMLUnknownElementImpl.dispatchEvent (C:\Users\mario\Desktop\SPG\client\node_modules\jsdom\lib\jsdom\living\events\EventTarget-impl.js:94:17)
    at HTMLUnknownElement.dispatchEvent (C:\Users\mario\Desktop\SPG\client\node_modules\jsdom\lib\jsdom\living\generated\EventTarget.js:231:34)
    at Object.invokeGuardedCallbackDev (C:\Users\mario\Desktop\SPG\client\node_modules\react-dom\cjs\react-dom.development.js:3994:16)
    at invokeGuardedCallback (C:\Users\mario\Desktop\SPG\client\node_modules\react-dom\cjs\react-dom.development.js:4056:31)
    at beginWork$1 (C:\Users\mario\Desktop\SPG\client\node_modules\react-dom\cjs\react-dom.development.js:23964:7)
    at performUnitOfWork (C:\Users\mario\Desktop\SPG\client\node_modules\react-dom\cjs\react-dom.development.js:22779:12)
    at workLoopSync (C:\Users\mario\Desktop\SPG\client\node_modules\react-dom\cjs\react-dom.development.js:22707:5)
    at renderRootSync (C:\Users\mario\Desktop\SPG\client\node_modules\react-dom\cjs\react-dom.development.js:22670:7)
    at performSyncWorkOnRoot (C:\Users\mario\Desktop\SPG\client\node_modules\react-dom\cjs\react-dom.development.js:22293:18)
    at scheduleUpdateOnFiber (C:\Users\mario\Desktop\SPG\client\node_modules\react-dom\cjs\react-dom.development.js:21881:7)
    at updateContainer (C:\Users\mario\Desktop\SPG\client\node_modules\react-dom\cjs\react-dom.development.js:25482:3)
    at C:\Users\mario\Desktop\SPG\client\node_modules\react-dom\cjs\react-dom.development.js:26021:7
    at unbatchedUpdates (C:\Users\mario\Desktop\SPG\client\node_modules\react-dom\cjs\react-dom.development.js:22431:12)
    at legacyRenderSubtreeIntoContainer (C:\Users\mario\Desktop\SPG\client\node_modules\react-dom\cjs\react-dom.development.js:26020:5)
    at Object.render (C:\Users\mario\Desktop\SPG\client\node_modules\react-dom\cjs\react-dom.development.js:26103:10)
    at C:\Users\mario\Desktop\SPG\client\node_modules\@testing-library\react\dist\pure.js:101:25
    at batchedUpdates$1 (C:\Users\mario\Desktop\SPG\client\node_modules\react-dom\cjs\react-dom.development.js:22380:12)
    at act (C:\Users\mario\Desktop\SPG\client\node_modules\react-dom\cjs\react-dom-test-utils.development.js:1042:14)
    at render (C:\Users\mario\Desktop\SPG\client\node_modules\@testing-library\react\dist\pure.js:97:26)
    at Object.<anonymous> (C:\Users\mario\Desktop\SPG\client\src\__tests__\LoginForm.test.js:9:23)
    at Promise.then.completed (C:\Users\mario\Desktop\SPG\client\node_modules\jest-circus\build\utils.js:276:28)
    at new Promise (<anonymous>)
    at callAsyncCircusFn (C:\Users\mario\Desktop\SPG\client\node_modules\jest-circus\build\utils.js:216:10)
    at _callCircusTest (C:\Users\mario\Desktop\SPG\client\node_modules\jest-circus\build\run.js:212:40)
    at processTicksAndRejections (node:internal/process/task_queues:96:5)
    at _runTest (C:\Users\mario\Desktop\SPG\client\node_modules\jest-circus\build\run.js:149:3)
    at _runTestsForDescribeBlock (C:\Users\mario\Desktop\SPG\client\node_modules\jest-circus\build\run.js:63:9)
    at run (C:\Users\mario\Desktop\SPG\client\node_modules\jest-circus\build\run.js:25:3)
    at runAndTransformResultsToJestFormat (C:\Users\mario\Desktop\SPG\client\node_modules\jest-circus\build\legacy-code-todo-rewrite\jestAdapterInit.js:176:21)
    at jestAdapter (C:\Users\mario\Desktop\SPG\client\node_modules\jest-circus\build\legacy-code-todo-rewrite\jestAdapter.js:109:19)
    at runTestInternal (C:\Users\mario\Desktop\SPG\client\node_modules\jest-runner\build\runTest.js:380:16)
    at runTest (C:\Users\mario\Desktop\SPG\client\node_modules\jest-runner\build\runTest.js:472:34)
    at Object.worker (C:\Users\mario\Desktop\SPG\client\node_modules\jest-runner\build\testWorker.js:133:12)]]></failure>
    </testCase>
  </file>
  <file path="C:\Users\mario\Desktop\SPG\client\src\__tests__\WarehousePage.test.js">
    <testCase name="Renders WarehousePage correctly" duration="126">
      <failure message="Error: Invariant failed: You should not use &lt;Link&gt; outside a &lt;Router&gt;"><![CDATA[Error: Invariant failed: You should not use <Link> outside a <Router>
    at invariant (C:\Users\mario\Desktop\SPG\client\node_modules\tiny-invariant\dist\tiny-invariant.cjs.js:14:11)
    at C:\Users\mario\Desktop\SPG\client\node_modules\react-router-dom\modules\Link.js:88:11
    at updateContextConsumer (C:\Users\mario\Desktop\SPG\client\node_modules\react-dom\cjs\react-dom.development.js:18747:19)
    at beginWork (C:\Users\mario\Desktop\SPG\client\node_modules\react-dom\cjs\react-dom.development.js:19114:14)
    at HTMLUnknownElement.callCallback (C:\Users\mario\Desktop\SPG\client\node_modules\react-dom\cjs\react-dom.development.js:3945:14)
    at HTMLUnknownElement.callTheUserObjectsOperation (C:\Users\mario\Desktop\SPG\client\node_modules\jsdom\lib\jsdom\living\generated\EventListener.js:26:30)
    at innerInvokeEventListeners (C:\Users\mario\Desktop\SPG\client\node_modules\jsdom\lib\jsdom\living\events\EventTarget-impl.js:338:25)
    at invokeEventListeners (C:\Users\mario\Desktop\SPG\client\node_modules\jsdom\lib\jsdom\living\events\EventTarget-impl.js:274:3)
    at HTMLUnknownElementImpl._dispatch (C:\Users\mario\Desktop\SPG\client\node_modules\jsdom\lib\jsdom\living\events\EventTarget-impl.js:221:9)
    at HTMLUnknownElementImpl.dispatchEvent (C:\Users\mario\Desktop\SPG\client\node_modules\jsdom\lib\jsdom\living\events\EventTarget-impl.js:94:17)
    at HTMLUnknownElement.dispatchEvent (C:\Users\mario\Desktop\SPG\client\node_modules\jsdom\lib\jsdom\living\generated\EventTarget.js:231:34)
    at Object.invokeGuardedCallbackDev (C:\Users\mario\Desktop\SPG\client\node_modules\react-dom\cjs\react-dom.development.js:3994:16)
    at invokeGuardedCallback (C:\Users\mario\Desktop\SPG\client\node_modules\react-dom\cjs\react-dom.development.js:4056:31)
    at beginWork$1 (C:\Users\mario\Desktop\SPG\client\node_modules\react-dom\cjs\react-dom.development.js:23964:7)
    at performUnitOfWork (C:\Users\mario\Desktop\SPG\client\node_modules\react-dom\cjs\react-dom.development.js:22779:12)
    at workLoopSync (C:\Users\mario\Desktop\SPG\client\node_modules\react-dom\cjs\react-dom.development.js:22707:5)
    at renderRootSync (C:\Users\mario\Desktop\SPG\client\node_modules\react-dom\cjs\react-dom.development.js:22670:7)
    at performSyncWorkOnRoot (C:\Users\mario\Desktop\SPG\client\node_modules\react-dom\cjs\react-dom.development.js:22293:18)
    at scheduleUpdateOnFiber (C:\Users\mario\Desktop\SPG\client\node_modules\react-dom\cjs\react-dom.development.js:21881:7)
    at updateContainer (C:\Users\mario\Desktop\SPG\client\node_modules\react-dom\cjs\react-dom.development.js:25482:3)
    at C:\Users\mario\Desktop\SPG\client\node_modules\react-dom\cjs\react-dom.development.js:26021:7
    at unbatchedUpdates (C:\Users\mario\Desktop\SPG\client\node_modules\react-dom\cjs\react-dom.development.js:22431:12)
    at legacyRenderSubtreeIntoContainer (C:\Users\mario\Desktop\SPG\client\node_modules\react-dom\cjs\react-dom.development.js:26020:5)
    at Object.render (C:\Users\mario\Desktop\SPG\client\node_modules\react-dom\cjs\react-dom.development.js:26103:10)
    at C:\Users\mario\Desktop\SPG\client\node_modules\@testing-library\react\dist\pure.js:101:25
    at batchedUpdates$1 (C:\Users\mario\Desktop\SPG\client\node_modules\react-dom\cjs\react-dom.development.js:22380:12)
    at act (C:\Users\mario\Desktop\SPG\client\node_modules\react-dom\cjs\react-dom-test-utils.development.js:1042:14)
    at render (C:\Users\mario\Desktop\SPG\client\node_modules\@testing-library\react\dist\pure.js:97:26)
    at Object.<anonymous> (C:\Users\mario\Desktop\SPG\client\src\__tests__\WarehousePage.test.js:6:26)
    at Promise.then.completed (C:\Users\mario\Desktop\SPG\client\node_modules\jest-circus\build\utils.js:276:28)
    at new Promise (<anonymous>)
    at callAsyncCircusFn (C:\Users\mario\Desktop\SPG\client\node_modules\jest-circus\build\utils.js:216:10)
    at _callCircusTest (C:\Users\mario\Desktop\SPG\client\node_modules\jest-circus\build\run.js:212:40)
    at processTicksAndRejections (node:internal/process/task_queues:96:5)
    at _runTest (C:\Users\mario\Desktop\SPG\client\node_modules\jest-circus\build\run.js:149:3)
    at _runTestsForDescribeBlock (C:\Users\mario\Desktop\SPG\client\node_modules\jest-circus\build\run.js:63:9)
    at run (C:\Users\mario\Desktop\SPG\client\node_modules\jest-circus\build\run.js:25:3)
    at runAndTransformResultsToJestFormat (C:\Users\mario\Desktop\SPG\client\node_modules\jest-circus\build\legacy-code-todo-rewrite\jestAdapterInit.js:176:21)
    at jestAdapter (C:\Users\mario\Desktop\SPG\client\node_modules\jest-circus\build\legacy-code-todo-rewrite\jestAdapter.js:109:19)
    at runTestInternal (C:\Users\mario\Desktop\SPG\client\node_modules\jest-runner\build\runTest.js:380:16)
    at runTest (C:\Users\mario\Desktop\SPG\client\node_modules\jest-runner\build\runTest.js:472:34)
    at Object.worker (C:\Users\mario\Desktop\SPG\client\node_modules\jest-runner\build\testWorker.js:133:12)]]></failure>
    </testCase>
    <testCase name="Renders WarehousePage correctly" duration="0">
      <failure message="ReferenceError: WarehouseManagerDashboard is not defined"><![CDATA[ReferenceError: WarehouseManagerDashboard is not defined
    at Object.<anonymous> (C:\Users\mario\Desktop\SPG\client\src\__tests__\WarehousePage.test.js:13:34)
    at Promise.then.completed (C:\Users\mario\Desktop\SPG\client\node_modules\jest-circus\build\utils.js:276:28)
    at new Promise (<anonymous>)
    at callAsyncCircusFn (C:\Users\mario\Desktop\SPG\client\node_modules\jest-circus\build\utils.js:216:10)
    at _callCircusTest (C:\Users\mario\Desktop\SPG\client\node_modules\jest-circus\build\run.js:212:40)
    at processTicksAndRejections (node:internal/process/task_queues:96:5)
    at _runTest (C:\Users\mario\Desktop\SPG\client\node_modules\jest-circus\build\run.js:149:3)
    at _runTestsForDescribeBlock (C:\Users\mario\Desktop\SPG\client\node_modules\jest-circus\build\run.js:63:9)
    at run (C:\Users\mario\Desktop\SPG\client\node_modules\jest-circus\build\run.js:25:3)
    at runAndTransformResultsToJestFormat (C:\Users\mario\Desktop\SPG\client\node_modules\jest-circus\build\legacy-code-todo-rewrite\jestAdapterInit.js:176:21)
    at jestAdapter (C:\Users\mario\Desktop\SPG\client\node_modules\jest-circus\build\legacy-code-todo-rewrite\jestAdapter.js:109:19)
    at runTestInternal (C:\Users\mario\Desktop\SPG\client\node_modules\jest-runner\build\runTest.js:380:16)
    at runTest (C:\Users\mario\Desktop\SPG\client\node_modules\jest-runner\build\runTest.js:472:34)
    at Object.worker (C:\Users\mario\Desktop\SPG\client\node_modules\jest-runner\build\testWorker.js:133:12)]]></failure>
    </testCase>
  </file>
</testExecutions>