<?xml version="1.0" encoding="UTF-8"?>
<testExecutions version="1">
  <file path="C:\Users\heyda\Desktop\PoliTO\Third semester\Software Engineering 2\21-22\SPG\client\src\App.test.js">
    <testCase name="renders learn react link" duration="7"/>
  </file>
  <file path="C:\Users\heyda\Desktop\PoliTO\Third semester\Software Engineering 2\21-22\SPG\client\src\__tests__\API.test.js">
    <testCase name="test AllPaymentMethods no errors" duration="13"/>
  </file>
</testExecutions>