<?xml version="1.0" encoding="UTF-8"?>
<testExecutions version="1">
  <file path="/home/michele/Documents/SE2/SPG/client/src/__tests__/ProductPage.test.js">
    <testCase name="Renders Frontpage correctly" duration="1317"/>
  </file>
  <file path="/home/michele/Documents/SE2/SPG/client/src/__tests__/MyNavbar.test.js">
    <testCase name="Renders Frontpage correctly" duration="337">
      <failure message="Error: Invariant failed: You should not use &lt;Link&gt; outside a &lt;Router&gt;"><![CDATA[Error: Invariant failed: You should not use <Link> outside a <Router>
    at invariant (/home/michele/Documents/SE2/SPG/client/node_modules/tiny-invariant/dist/tiny-invariant.cjs.js:14:11)
    at /home/michele/Documents/SE2/SPG/client/node_modules/react-router-dom/modules/Link.js:88:11
    at updateContextConsumer (/home/michele/Documents/SE2/SPG/client/node_modules/react-dom/cjs/react-dom.development.js:18747:19)
    at beginWork (/home/michele/Documents/SE2/SPG/client/node_modules/react-dom/cjs/react-dom.development.js:19114:14)
    at HTMLUnknownElement.callCallback (/home/michele/Documents/SE2/SPG/client/node_modules/react-dom/cjs/react-dom.development.js:3945:14)
    at HTMLUnknownElement.callTheUserObjectsOperation (/home/michele/Documents/SE2/SPG/client/node_modules/jsdom/lib/jsdom/living/generated/EventListener.js:26:30)
    at innerInvokeEventListeners (/home/michele/Documents/SE2/SPG/client/node_modules/jsdom/lib/jsdom/living/events/EventTarget-impl.js:338:25)
    at invokeEventListeners (/home/michele/Documents/SE2/SPG/client/node_modules/jsdom/lib/jsdom/living/events/EventTarget-impl.js:274:3)
    at HTMLUnknownElementImpl._dispatch (/home/michele/Documents/SE2/SPG/client/node_modules/jsdom/lib/jsdom/living/events/EventTarget-impl.js:221:9)
    at HTMLUnknownElementImpl.dispatchEvent (/home/michele/Documents/SE2/SPG/client/node_modules/jsdom/lib/jsdom/living/events/EventTarget-impl.js:94:17)
    at HTMLUnknownElement.dispatchEvent (/home/michele/Documents/SE2/SPG/client/node_modules/jsdom/lib/jsdom/living/generated/EventTarget.js:231:34)
    at Object.invokeGuardedCallbackDev (/home/michele/Documents/SE2/SPG/client/node_modules/react-dom/cjs/react-dom.development.js:3994:16)
    at invokeGuardedCallback (/home/michele/Documents/SE2/SPG/client/node_modules/react-dom/cjs/react-dom.development.js:4056:31)
    at beginWork$1 (/home/michele/Documents/SE2/SPG/client/node_modules/react-dom/cjs/react-dom.development.js:23964:7)
    at performUnitOfWork (/home/michele/Documents/SE2/SPG/client/node_modules/react-dom/cjs/react-dom.development.js:22779:12)
    at workLoopSync (/home/michele/Documents/SE2/SPG/client/node_modules/react-dom/cjs/react-dom.development.js:22707:5)
    at renderRootSync (/home/michele/Documents/SE2/SPG/client/node_modules/react-dom/cjs/react-dom.development.js:22670:7)
    at performSyncWorkOnRoot (/home/michele/Documents/SE2/SPG/client/node_modules/react-dom/cjs/react-dom.development.js:22293:18)
    at scheduleUpdateOnFiber (/home/michele/Documents/SE2/SPG/client/node_modules/react-dom/cjs/react-dom.development.js:21881:7)
    at updateContainer (/home/michele/Documents/SE2/SPG/client/node_modules/react-dom/cjs/react-dom.development.js:25482:3)
    at /home/michele/Documents/SE2/SPG/client/node_modules/react-dom/cjs/react-dom.development.js:26021:7
    at unbatchedUpdates (/home/michele/Documents/SE2/SPG/client/node_modules/react-dom/cjs/react-dom.development.js:22431:12)
    at legacyRenderSubtreeIntoContainer (/home/michele/Documents/SE2/SPG/client/node_modules/react-dom/cjs/react-dom.development.js:26020:5)
    at Object.render (/home/michele/Documents/SE2/SPG/client/node_modules/react-dom/cjs/react-dom.development.js:26103:10)
    at /home/michele/Documents/SE2/SPG/client/node_modules/@testing-library/react/dist/pure.js:101:25
    at batchedUpdates$1 (/home/michele/Documents/SE2/SPG/client/node_modules/react-dom/cjs/react-dom.development.js:22380:12)
    at act (/home/michele/Documents/SE2/SPG/client/node_modules/react-dom/cjs/react-dom-test-utils.development.js:1042:14)
    at render (/home/michele/Documents/SE2/SPG/client/node_modules/@testing-library/react/dist/pure.js:97:26)
    at Object.<anonymous> (/home/michele/Documents/SE2/SPG/client/src/__tests__/MyNavbar.test.js:12:26)
    at Promise.then.completed (/home/michele/Documents/SE2/SPG/client/node_modules/jest-circus/build/utils.js:276:28)
    at new Promise (<anonymous>)
    at callAsyncCircusFn (/home/michele/Documents/SE2/SPG/client/node_modules/jest-circus/build/utils.js:216:10)
    at _callCircusTest (/home/michele/Documents/SE2/SPG/client/node_modules/jest-circus/build/run.js:212:40)
    at processTicksAndRejections (node:internal/process/task_queues:94:5)
    at _runTest (/home/michele/Documents/SE2/SPG/client/node_modules/jest-circus/build/run.js:149:3)
    at _runTestsForDescribeBlock (/home/michele/Documents/SE2/SPG/client/node_modules/jest-circus/build/run.js:63:9)
    at run (/home/michele/Documents/SE2/SPG/client/node_modules/jest-circus/build/run.js:25:3)
    at runAndTransformResultsToJestFormat (/home/michele/Documents/SE2/SPG/client/node_modules/jest-circus/build/legacy-code-todo-rewrite/jestAdapterInit.js:176:21)
    at jestAdapter (/home/michele/Documents/SE2/SPG/client/node_modules/jest-circus/build/legacy-code-todo-rewrite/jestAdapter.js:109:19)
    at runTestInternal (/home/michele/Documents/SE2/SPG/client/node_modules/jest-runner/build/runTest.js:380:16)
    at runTest (/home/michele/Documents/SE2/SPG/client/node_modules/jest-runner/build/runTest.js:472:34)
    at Object.worker (/home/michele/Documents/SE2/SPG/client/node_modules/jest-runner/build/testWorker.js:133:12)]]></failure>
    </testCase>
  </file>
  <file path="/home/michele/Documents/SE2/SPG/client/src/__tests__/Frontpage.test.js">
    <testCase name="Renders Frontpage correctly" duration="468"/>
  </file>
  <file path="/home/michele/Documents/SE2/SPG/client/src/__tests__/LoginForm.test.js">
    <testCase name="Renders Loginpage correctly" duration="553"/>
  </file>
  <file path="/home/michele/Documents/SE2/SPG/client/src/__tests__/DeliverList.test.js">
    <testCase name="Renders list of products to deliver Correctly" duration="150"/>
  </file>
  <file path="/home/michele/Documents/SE2/SPG/client/src/__tests__/Orders.test.js">
    <testCase name="Renders Orders page correctly" duration="210"/>
  </file>
  <file path="/home/michele/Documents/SE2/SPG/client/src/__tests__/Booking.test.js">
    <testCase name="Render Booking Correctly" duration="975">
      <failure message="TypeError: Cannot read property &apos;location&apos; of undefined"><![CDATA[TypeError: Cannot read property 'location' of undefined
    at useLocation (/home/michele/Documents/SE2/SPG/client/node_modules/react-router/modules/hooks.js:29:10)
    at Booking (/home/michele/Documents/SE2/SPG/client/src/Components/Booking.js:30:20)
    at renderWithHooks (/home/michele/Documents/SE2/SPG/client/node_modules/react-dom/cjs/react-dom.development.js:14985:18)
    at mountIndeterminateComponent (/home/michele/Documents/SE2/SPG/client/node_modules/react-dom/cjs/react-dom.development.js:17811:13)
    at beginWork (/home/michele/Documents/SE2/SPG/client/node_modules/react-dom/cjs/react-dom.development.js:19049:16)
    at HTMLUnknownElement.callCallback (/home/michele/Documents/SE2/SPG/client/node_modules/react-dom/cjs/react-dom.development.js:3945:14)
    at HTMLUnknownElement.callTheUserObjectsOperation (/home/michele/Documents/SE2/SPG/client/node_modules/jsdom/lib/jsdom/living/generated/EventListener.js:26:30)
    at innerInvokeEventListeners (/home/michele/Documents/SE2/SPG/client/node_modules/jsdom/lib/jsdom/living/events/EventTarget-impl.js:338:25)
    at invokeEventListeners (/home/michele/Documents/SE2/SPG/client/node_modules/jsdom/lib/jsdom/living/events/EventTarget-impl.js:274:3)
    at HTMLUnknownElementImpl._dispatch (/home/michele/Documents/SE2/SPG/client/node_modules/jsdom/lib/jsdom/living/events/EventTarget-impl.js:221:9)
    at HTMLUnknownElementImpl.dispatchEvent (/home/michele/Documents/SE2/SPG/client/node_modules/jsdom/lib/jsdom/living/events/EventTarget-impl.js:94:17)
    at HTMLUnknownElement.dispatchEvent (/home/michele/Documents/SE2/SPG/client/node_modules/jsdom/lib/jsdom/living/generated/EventTarget.js:231:34)
    at Object.invokeGuardedCallbackDev (/home/michele/Documents/SE2/SPG/client/node_modules/react-dom/cjs/react-dom.development.js:3994:16)
    at invokeGuardedCallback (/home/michele/Documents/SE2/SPG/client/node_modules/react-dom/cjs/react-dom.development.js:4056:31)
    at beginWork$1 (/home/michele/Documents/SE2/SPG/client/node_modules/react-dom/cjs/react-dom.development.js:23964:7)
    at performUnitOfWork (/home/michele/Documents/SE2/SPG/client/node_modules/react-dom/cjs/react-dom.development.js:22779:12)
    at workLoopSync (/home/michele/Documents/SE2/SPG/client/node_modules/react-dom/cjs/react-dom.development.js:22707:5)
    at renderRootSync (/home/michele/Documents/SE2/SPG/client/node_modules/react-dom/cjs/react-dom.development.js:22670:7)
    at performSyncWorkOnRoot (/home/michele/Documents/SE2/SPG/client/node_modules/react-dom/cjs/react-dom.development.js:22293:18)
    at scheduleUpdateOnFiber (/home/michele/Documents/SE2/SPG/client/node_modules/react-dom/cjs/react-dom.development.js:21881:7)
    at updateContainer (/home/michele/Documents/SE2/SPG/client/node_modules/react-dom/cjs/react-dom.development.js:25482:3)
    at /home/michele/Documents/SE2/SPG/client/node_modules/react-dom/cjs/react-dom.development.js:26021:7
    at unbatchedUpdates (/home/michele/Documents/SE2/SPG/client/node_modules/react-dom/cjs/react-dom.development.js:22431:12)
    at legacyRenderSubtreeIntoContainer (/home/michele/Documents/SE2/SPG/client/node_modules/react-dom/cjs/react-dom.development.js:26020:5)
    at Object.render (/home/michele/Documents/SE2/SPG/client/node_modules/react-dom/cjs/react-dom.development.js:26103:10)
    at /home/michele/Documents/SE2/SPG/client/node_modules/@testing-library/react/dist/pure.js:101:25
    at batchedUpdates$1 (/home/michele/Documents/SE2/SPG/client/node_modules/react-dom/cjs/react-dom.development.js:22380:12)
    at act (/home/michele/Documents/SE2/SPG/client/node_modules/react-dom/cjs/react-dom-test-utils.development.js:1042:14)
    at render (/home/michele/Documents/SE2/SPG/client/node_modules/@testing-library/react/dist/pure.js:97:26)
    at Object.<anonymous> (/home/michele/Documents/SE2/SPG/client/src/__tests__/Booking.test.js:39:24)
    at Promise.then.completed (/home/michele/Documents/SE2/SPG/client/node_modules/jest-circus/build/utils.js:276:28)
    at new Promise (<anonymous>)
    at callAsyncCircusFn (/home/michele/Documents/SE2/SPG/client/node_modules/jest-circus/build/utils.js:216:10)
    at _callCircusTest (/home/michele/Documents/SE2/SPG/client/node_modules/jest-circus/build/run.js:212:40)
    at processTicksAndRejections (node:internal/process/task_queues:94:5)
    at _runTest (/home/michele/Documents/SE2/SPG/client/node_modules/jest-circus/build/run.js:149:3)
    at _runTestsForDescribeBlock (/home/michele/Documents/SE2/SPG/client/node_modules/jest-circus/build/run.js:63:9)
    at run (/home/michele/Documents/SE2/SPG/client/node_modules/jest-circus/build/run.js:25:3)
    at runAndTransformResultsToJestFormat (/home/michele/Documents/SE2/SPG/client/node_modules/jest-circus/build/legacy-code-todo-rewrite/jestAdapterInit.js:176:21)
    at jestAdapter (/home/michele/Documents/SE2/SPG/client/node_modules/jest-circus/build/legacy-code-todo-rewrite/jestAdapter.js:109:19)
    at runTestInternal (/home/michele/Documents/SE2/SPG/client/node_modules/jest-runner/build/runTest.js:380:16)
    at runTest (/home/michele/Documents/SE2/SPG/client/node_modules/jest-runner/build/runTest.js:472:34)
    at Object.worker (/home/michele/Documents/SE2/SPG/client/node_modules/jest-runner/build/testWorker.js:133:12)]]></failure>
    </testCase>
    <testCase name="Render StaffBooking Correctly" duration="15">
      <failure message="TypeError: Cannot read property &apos;location&apos; of undefined"><![CDATA[TypeError: Cannot read property 'location' of undefined
    at useLocation (/home/michele/Documents/SE2/SPG/client/node_modules/react-router/modules/hooks.js:29:10)
    at Booking (/home/michele/Documents/SE2/SPG/client/src/Components/Booking.js:30:20)
    at renderWithHooks (/home/michele/Documents/SE2/SPG/client/node_modules/react-dom/cjs/react-dom.development.js:14985:18)
    at mountIndeterminateComponent (/home/michele/Documents/SE2/SPG/client/node_modules/react-dom/cjs/react-dom.development.js:17811:13)
    at beginWork (/home/michele/Documents/SE2/SPG/client/node_modules/react-dom/cjs/react-dom.development.js:19049:16)
    at HTMLUnknownElement.callCallback (/home/michele/Documents/SE2/SPG/client/node_modules/react-dom/cjs/react-dom.development.js:3945:14)
    at HTMLUnknownElement.callTheUserObjectsOperation (/home/michele/Documents/SE2/SPG/client/node_modules/jsdom/lib/jsdom/living/generated/EventListener.js:26:30)
    at innerInvokeEventListeners (/home/michele/Documents/SE2/SPG/client/node_modules/jsdom/lib/jsdom/living/events/EventTarget-impl.js:338:25)
    at invokeEventListeners (/home/michele/Documents/SE2/SPG/client/node_modules/jsdom/lib/jsdom/living/events/EventTarget-impl.js:274:3)
    at HTMLUnknownElementImpl._dispatch (/home/michele/Documents/SE2/SPG/client/node_modules/jsdom/lib/jsdom/living/events/EventTarget-impl.js:221:9)
    at HTMLUnknownElementImpl.dispatchEvent (/home/michele/Documents/SE2/SPG/client/node_modules/jsdom/lib/jsdom/living/events/EventTarget-impl.js:94:17)
    at HTMLUnknownElement.dispatchEvent (/home/michele/Documents/SE2/SPG/client/node_modules/jsdom/lib/jsdom/living/generated/EventTarget.js:231:34)
    at Object.invokeGuardedCallbackDev (/home/michele/Documents/SE2/SPG/client/node_modules/react-dom/cjs/react-dom.development.js:3994:16)
    at invokeGuardedCallback (/home/michele/Documents/SE2/SPG/client/node_modules/react-dom/cjs/react-dom.development.js:4056:31)
    at beginWork$1 (/home/michele/Documents/SE2/SPG/client/node_modules/react-dom/cjs/react-dom.development.js:23964:7)
    at performUnitOfWork (/home/michele/Documents/SE2/SPG/client/node_modules/react-dom/cjs/react-dom.development.js:22779:12)
    at workLoopSync (/home/michele/Documents/SE2/SPG/client/node_modules/react-dom/cjs/react-dom.development.js:22707:5)
    at renderRootSync (/home/michele/Documents/SE2/SPG/client/node_modules/react-dom/cjs/react-dom.development.js:22670:7)
    at performSyncWorkOnRoot (/home/michele/Documents/SE2/SPG/client/node_modules/react-dom/cjs/react-dom.development.js:22293:18)
    at scheduleUpdateOnFiber (/home/michele/Documents/SE2/SPG/client/node_modules/react-dom/cjs/react-dom.development.js:21881:7)
    at updateContainer (/home/michele/Documents/SE2/SPG/client/node_modules/react-dom/cjs/react-dom.development.js:25482:3)
    at /home/michele/Documents/SE2/SPG/client/node_modules/react-dom/cjs/react-dom.development.js:26021:7
    at unbatchedUpdates (/home/michele/Documents/SE2/SPG/client/node_modules/react-dom/cjs/react-dom.development.js:22431:12)
    at legacyRenderSubtreeIntoContainer (/home/michele/Documents/SE2/SPG/client/node_modules/react-dom/cjs/react-dom.development.js:26020:5)
    at Object.render (/home/michele/Documents/SE2/SPG/client/node_modules/react-dom/cjs/react-dom.development.js:26103:10)
    at /home/michele/Documents/SE2/SPG/client/node_modules/@testing-library/react/dist/pure.js:101:25
    at batchedUpdates$1 (/home/michele/Documents/SE2/SPG/client/node_modules/react-dom/cjs/react-dom.development.js:22380:12)
    at act (/home/michele/Documents/SE2/SPG/client/node_modules/react-dom/cjs/react-dom-test-utils.development.js:1042:14)
    at render (/home/michele/Documents/SE2/SPG/client/node_modules/@testing-library/react/dist/pure.js:97:26)
    at Object.<anonymous> (/home/michele/Documents/SE2/SPG/client/src/__tests__/Booking.test.js:52:24)
    at Promise.then.completed (/home/michele/Documents/SE2/SPG/client/node_modules/jest-circus/build/utils.js:276:28)
    at new Promise (<anonymous>)
    at callAsyncCircusFn (/home/michele/Documents/SE2/SPG/client/node_modules/jest-circus/build/utils.js:216:10)
    at _callCircusTest (/home/michele/Documents/SE2/SPG/client/node_modules/jest-circus/build/run.js:212:40)
    at processTicksAndRejections (node:internal/process/task_queues:94:5)
    at _runTest (/home/michele/Documents/SE2/SPG/client/node_modules/jest-circus/build/run.js:149:3)
    at _runTestsForDescribeBlock (/home/michele/Documents/SE2/SPG/client/node_modules/jest-circus/build/run.js:63:9)
    at run (/home/michele/Documents/SE2/SPG/client/node_modules/jest-circus/build/run.js:25:3)
    at runAndTransformResultsToJestFormat (/home/michele/Documents/SE2/SPG/client/node_modules/jest-circus/build/legacy-code-todo-rewrite/jestAdapterInit.js:176:21)
    at jestAdapter (/home/michele/Documents/SE2/SPG/client/node_modules/jest-circus/build/legacy-code-todo-rewrite/jestAdapter.js:109:19)
    at runTestInternal (/home/michele/Documents/SE2/SPG/client/node_modules/jest-runner/build/runTest.js:380:16)
    at runTest (/home/michele/Documents/SE2/SPG/client/node_modules/jest-runner/build/runTest.js:472:34)
    at Object.worker (/home/michele/Documents/SE2/SPG/client/node_modules/jest-runner/build/testWorker.js:133:12)]]></failure>
    </testCase>
  </file>
  <file path="/home/michele/Documents/SE2/SPG/client/src/__tests__/ClientAlert.test.js">
    <testCase name="Renders Correctly the client Reminder" duration="298"/>
  </file>
  <file path="/home/michele/Documents/SE2/SPG/client/src/__tests__/API.test.js">
  </file>
</testExecutions>