<?xml version="1.0" encoding="UTF-8"?>
<testExecutions version="1">
  <file path="C:\Users\mario\Desktop\SPG\client\src\__tests__\API.test.js">
  </file>
</testExecutions>