<?xml version="1.0" encoding="UTF-8"?>
<testExecutions version="1">
  <file path="C:\Users\mario\Desktop\SPG\server\__tests__\unit_tests\Wallets.test.js">
    <testCase name="get all payment methods" duration="6"/>
    <testCase name="get all payment methods but an error occours in db" duration="1"/>
    <testCase name="get all payment methods but empty" duration="2"/>
    <testCase name="add new transaction" duration="1"/>
    <testCase name="add a transaction but an error in db occours when finding it" duration="1"/>
  </file>
  <file path="C:\Users\mario\Desktop\SPG\server\__tests__\unit_tests\Server_tests\server.test.js">
    <testCase name="Test the product/:product_id path It should response the GET method" duration="14"/>
    <testCase name="Test the products/categories path It should response the GET method" duration="3"/>
    <testCase name="Test the providers/all path It should response the GET method" duration="4"/>
    <testCase name="Test the provider/:product_id path It should response the GET method" duration="5"/>
    <testCase name="Test the clients path It should response the GET method" duration="4"/>
    <testCase name="Test the orders path It should response the GET method" duration="4"/>
    <testCase name="Test the update orders It should response the PUT method" duration="3"/>
    <testCase name="Test to get all payment methods It should response the PUT method" duration="3"/>
    <testCase name="Test increasing the balance of client It should response the PUT method" duration="4"/>
    <testCase name="Test the provider /api/modifyquantity It should response the PUT method" duration="3"/>
    <testCase name="Test the provider /api/neworder path It should response the POST method" duration="2"/>
    <testCase name="Test the provider /api/sendEmail It should response the POST method" duration="3"/>
    <testCase name="Test the provider /api/orders/farmershipped It should response the POST method" duration="4"/>
    <testCase name="Test the provider /api/products/confirmed/:year/:week It should response the GET method" duration="4"/>
    <testCase name="Test the provider /api/products/expected/:year/:week It should response the GET method" duration="3"/>
    <testCase name="Test the provider /api/products/ordered/:year/:week_number It should response the GET method" duration="5"/>
    <testCase name="Test the provider /api/provider/:provider_id/products It should response the GET method" duration="3"/>
    <testCase name="Test the provider /api/provider/confirmationStatus/:year/:week_number It should response the GET method" duration="2"/>
    <testCase name="Test the provider /api/products/provider/expected/:year/:week_number It should response the GET method" duration="4"/>
    <testCase name="Test the provider /api/provider/shipmentstatus/:year/:week_number It should response the GET method" duration="3"/>
    <testCase name="Test the provider /api/products/expected/:year/:week_number It should response the POST method" duration="4"/>
    <testCase name="Test the delete path It should response the delete method" duration="3"/>
    <testCase name="Test the login path It should response the get method" duration="3"/>
    <testCase name="Test the login path It should response the delete method" duration="3"/>
    <testCase name="Test the provider /api/orderinsert It should response the POST method" duration="4"/>
  </file>
</testExecutions>