<?xml version="1.0" encoding="UTF-8"?>
<testExecutions version="1">
  <file path="C:\Users\mario\Desktop\SPG\server\__tests__\unit_tests\Server_tests\server.test.js">
    <testCase name="Test the product/:product_id path It should response the GET method" duration="143">
      <failure message="ReferenceError: p is not defined"><![CDATA[ReferenceError: p is not defined
    at Statement.<anonymous> (C:\Users\mario\Desktop\SPG\server\DAOs\products-dao.js:119:21)]]></failure>
    </testCase>
    <testCase name="Test the products/categories path It should response the GET method" duration="23"/>
    <testCase name="Test the providers/all path It should response the GET method" duration="10"/>
    <testCase name="Test the provider/:product_id path It should response the GET method" duration="8"/>
    <testCase name="Test the clients path It should response the GET method" duration="3"/>
    <testCase name="Test the orders path It should response the GET method" duration="2"/>
    <testCase name="Test to get all payment methods It should response the PUT method" duration="1"/>
    <testCase name="Test increasing the balance of client It should response the PUT method" duration="2"/>
    <testCase name="Test the provider /api/modifyquantity It should response the PUT method" duration="2"/>
    <testCase name="Test the provider /api/neworder path It should response the POST method" duration="1"/>
    <testCase name="Test the provider /api/sendEmail It should response the POST method" duration="2"/>
    <testCase name="Test the provider /api/provider-products-sent It should response the PUT method" duration="1293">
      <failure message="Error: expect(received).toBe(expected) // Object.is equality"><![CDATA[Error: expect(received).toBe(expected) // Object.is equality

Expected: 200
Received: 500
    at C:\Users\mario\Desktop\SPG\server\__tests__\unit_tests\Server_tests\server.test.js:78:41
    at processTicksAndRejections (node:internal/process/task_queues:96:5)]]></failure>
    </testCase>
    <testCase name="Test the provider /api/provider-products-sent Login fail" duration="1234">
      <failure message="Error: expect(received).toBe(expected) // Object.is equality"><![CDATA[Error: expect(received).toBe(expected) // Object.is equality

Expected: 200
Received: 500
    at Object.<anonymous> (C:\Users\mario\Desktop\SPG\server\__tests__\unit_tests\Server_tests\server.test.js:115:34)
    at processTicksAndRejections (node:internal/process/task_queues:96:5)]]></failure>
    </testCase>
    <testCase name="Test the provider /api/provider-products-notification It should response the GET method" duration="161"/>
    <testCase name="Test the provider /api/provider-products-notification Login fail" duration="6"/>
    <testCase name="Test the provider /api/orders/farmershipped It should response the POST method" duration="1317"/>
    <testCase name="Test the provider /api/orders/farmershipped Login fail" duration="18"/>
    <testCase name="Test the provider /api/products/confirmed/:year/:week It should response the GET method" duration="29"/>
    <testCase name="Test the provider /api/products/expected/:year/:week It should response the GET method" duration="29"/>
    <testCase name="Test the provider /api/products/ordered/:year/:week_number It should response the GET method" duration="190"/>
    <testCase name="Test the provider /api/products/ordered/:year/:week_number Login fail" duration="7"/>
    <testCase name="Test the provider /api/provider-products It should response the GET method" duration="131"/>
    <testCase name="Test the provider /api/provider-products Login fail" duration="7"/>
    <testCase name="Test the provider /api/provider/confirmationStatus/:year/:week_number It should response the GET method" duration="130"/>
    <testCase name="Test the provider /api/provider/confirmationStatus/:year/:week_number Login fail" duration="11"/>
    <testCase name="Test the provider /api/products/provider/expected/:year/:week_number It should response the GET method" duration="128">
      <failure message="Error: expect(received).toBe(expected) // Object.is equality"><![CDATA[Error: expect(received).toBe(expected) // Object.is equality

Expected: 200
Received: 404
    at Object.<anonymous> (C:\Users\mario\Desktop\SPG\server\__tests__\unit_tests\Server_tests\server.test.js:221:37)
    at processTicksAndRejections (node:internal/process/task_queues:96:5)]]></failure>
    </testCase>
    <testCase name="Test the provider /api/products/provider/expected/:year/:week_number Login fail" duration="6">
      <failure message="Error: expect(received).toBe(expected) // Object.is equality"><![CDATA[Error: expect(received).toBe(expected) // Object.is equality

Expected: 401
Received: 404
    at Object.<anonymous> (C:\Users\mario\Desktop\SPG\server\__tests__\unit_tests\Server_tests\server.test.js:225:37)
    at processTicksAndRejections (node:internal/process/task_queues:96:5)]]></failure>
    </testCase>
    <testCase name="Test the provider /api/provider/shipmentstatus/:year/:week_number It should response the GET method" duration="131"/>
    <testCase name="Test the provider /api/provider/shipmentstatus/:year/:week_number Login fail" duration="5"/>
    <testCase name="Test the provider /api/products/expected/:year/:week_number It should response the POST method" duration="138">
      <failure message="TypeError: Cannot read properties of undefined (reading &apos;length&apos;)"><![CDATA[TypeError: Cannot read properties of undefined (reading 'length')
    at C:\Users\mario\Desktop\SPG\server\DAOs\products-dao.js:173:16
    at Statement.errBack (C:\Users\mario\Desktop\SPG\server\node_modules\sqlite3\lib\sqlite3.js:14:21)]]></failure>
    </testCase>
    <testCase name="Test the provider /api/products/expected/:year/:week_number Login fail" duration="6"/>
    <testCase name="Test the provider /users/email-availability/:email It should response the GET method" duration="7"/>
    <testCase name="Test the provider /provider/apply It should response the POST method" duration="1367"/>
    <testCase name="Test the provider /manager/applications/pending It should response the GET method" duration="167"/>
    <testCase name="Test the provider /manager/applications/pending Login fail" duration="5"/>
    <testCase name="Test the provider /manager/applications/accepted It should response the GET method" duration="150"/>
    <testCase name="Test the provider /manager/applications/accepted Login fail" duration="10"/>
    <testCase name="Test the manager /manager/applications/accept/:application_id It should response the GET method" duration="1350">
      <failure message="Error: SQLITE_BUSY: database is locked"><![CDATA[Error: SQLITE_BUSY: database is locked]]></failure>
    </testCase>
    <testCase name="Test the manager /manager/applications/accept/:application_id Login fail" duration="34">
      <failure message="TypeError: Cannot read properties of undefined (reading &apos;lastID&apos;)"><![CDATA[TypeError: Cannot read properties of undefined (reading 'lastID')
    at C:\Users\mario\Desktop\SPG\server\DAOs\providers-dao.js:330:58
    at Statement.errBack (C:\Users\mario\Desktop\SPG\server\node_modules\sqlite3\lib\sqlite3.js:14:21)]]></failure>
    </testCase>
    <testCase name="Test the manager /manager/applications/reject/:application_id It should response the GET method" duration="8">
      <failure message="Error: SQLITE_ERROR: table users has no column named suspended"><![CDATA[Error: SQLITE_ERROR: table users has no column named suspended]]></failure>
    </testCase>
    <testCase name="Test the manager /manager/applications/reject/:application_id Login fail" duration="30"/>
    <testCase name="Test the delete path It should response the delete method" duration="4"/>
    <testCase name="Test the add of order item It should response the post method" duration="3"/>
    <testCase name="Test the login path It should response the get method" duration="3"/>
    <testCase name="Test the login path It should response the delete method" duration="2"/>
    <testCase name="Test the provider /api/orderinsert It should response the POST method" duration="2"/>
  </file>
</testExecutions>