<?xml version="1.0" encoding="UTF-8"?>
<testExecutions version="1">
  <file path="C:\Users\mario\Desktop\SE2-SPG\server\__tests__\unit_tests\Wallets.test.js">
    <testCase name="get all payment methods" duration="4"/>
    <testCase name="get all payment methods but an error occours in db" duration="1"/>
    <testCase name="get all payment methods but empty" duration="1"/>
    <testCase name="add new transaction" duration="1"/>
    <testCase name="add a transaction but an error in db occours when finding it" duration="0"/>
  </file>
  <file path="C:\Users\mario\Desktop\SE2-SPG\server\__tests__\unit_tests\Server_tests\server.test.js">
    <testCase name="Test the products/all path It should response the GET method" duration="11"/>
    <testCase name="Test the product/:product_id path It should response the GET method" duration="2"/>
    <testCase name="Test the products/categories path It should response the GET method" duration="3"/>
    <testCase name="Test the providers/all path It should response the GET method" duration="2"/>
    <testCase name="Test the provider/:product_id path It should response the GET method" duration="2"/>
    <testCase name="Test the clients path It should response the GET method" duration="2"/>
    <testCase name="Test the orders path It should response the GET method" duration="1"/>
    <testCase name="Test the update orders It should response the PUT method" duration="2"/>
    <testCase name="Test to get all payment methods It should response the PUT method" duration="2"/>
    <testCase name="Test increasing the balance of client It should response the PUT method" duration="2"/>
    <testCase name="Test the provider /api/modifyquantity It should response the PUT method" duration="2">
      <failure message="ReferenceError: response is not defined"><![CDATA[ReferenceError: response is not defined
    at Object.<anonymous> (C:\Users\mario\Desktop\SE2-SPG\server\__tests__\unit_tests\Server_tests\server.test.js:94:16)
    at Object.asyncJestTest (C:\Users\mario\Desktop\SE2-SPG\server\node_modules\jest-jasmine2\build\jasmineAsyncInstall.js:106:37)
    at C:\Users\mario\Desktop\SE2-SPG\server\node_modules\jest-jasmine2\build\queueRunner.js:45:12
    at new Promise (<anonymous>)
    at mapper (C:\Users\mario\Desktop\SE2-SPG\server\node_modules\jest-jasmine2\build\queueRunner.js:28:19)
    at C:\Users\mario\Desktop\SE2-SPG\server\node_modules\jest-jasmine2\build\queueRunner.js:75:41
    at processTicksAndRejections (internal/process/task_queues.js:95:5)]]></failure>
    </testCase>
    <testCase name="Test the provider /api/neworder path It should response the POST method" duration="1">
      <failure message="ReferenceError: response is not defined"><![CDATA[ReferenceError: response is not defined
    at Object.<anonymous> (C:\Users\mario\Desktop\SE2-SPG\server\__tests__\unit_tests\Server_tests\server.test.js:102:16)
    at Object.asyncJestTest (C:\Users\mario\Desktop\SE2-SPG\server\node_modules\jest-jasmine2\build\jasmineAsyncInstall.js:106:37)
    at C:\Users\mario\Desktop\SE2-SPG\server\node_modules\jest-jasmine2\build\queueRunner.js:45:12
    at new Promise (<anonymous>)
    at mapper (C:\Users\mario\Desktop\SE2-SPG\server\node_modules\jest-jasmine2\build\queueRunner.js:28:19)
    at C:\Users\mario\Desktop\SE2-SPG\server\node_modules\jest-jasmine2\build\queueRunner.js:75:41
    at processTicksAndRejections (internal/process/task_queues.js:95:5)]]></failure>
    </testCase>
  </file>
</testExecutions>