<?xml version="1.0" encoding="UTF-8"?>
<testExecutions version="1">
  <file path="C:\Users\mario\Desktop\SPG\server\__tests__\unit_tests\Server_tests\server.test.js">
    <testCase name="Test the product/:product_id path It should response the GET method" duration="190"/>
    <testCase name="Test the products/categories path It should response the GET method" duration="35"/>
    <testCase name="Test the providers/all path It should response the GET method" duration="26"/>
    <testCase name="Test the provider/:product_id path It should response the GET method" duration="13"/>
    <testCase name="Test the clients path It should response the GET method" duration="3"/>
    <testCase name="Test the orders path It should response the GET method" duration="2"/>
    <testCase name="Test to get all payment methods It should response the PUT method" duration="3"/>
    <testCase name="Test increasing the balance of client It should response the PUT method" duration="3"/>
    <testCase name="Test the provider /api/modifyquantity It should response the PUT method" duration="4"/>
    <testCase name="Test the provider /api/neworder path It should response the POST method" duration="4"/>
    <testCase name="Test the provider /api/sendEmail It should response the POST method" duration="4"/>
    <testCase name="Test the provider /api/provider-products-sent It should response the PUT method" duration="517"/>
    <testCase name="Test the provider /api/provider-products-sent Login fail" duration="10"/>
    <testCase name="Test the provider /api/provider-products-notification It should response the GET method" duration="266"/>
    <testCase name="Test the provider /api/provider-products-notification Login fail" duration="11"/>
    <testCase name="Test the provider /api/orders/farmershipped It should response the POST method" duration="199"/>
    <testCase name="Test the provider /api/orders/farmershipped Login fail" duration="6"/>
    <testCase name="Test the provider /api/products/confirmed/:year/:week It should response the GET method" duration="11"/>
    <testCase name="Test the provider /api/products/expected/:year/:week It should response the GET method" duration="7"/>
    <testCase name="Test the provider /api/products/ordered/:year/:week_number It should response the GET method" duration="181"/>
    <testCase name="Test the provider /api/products/ordered/:year/:week_number Login fail" duration="12"/>
    <testCase name="Test the provider /api/provider-products It should response the GET method" duration="200"/>
    <testCase name="Test the provider /api/provider-products Login fail" duration="10"/>
    <testCase name="Test the provider /api/provider/confirmationStatus/:year/:week_number It should response the GET method" duration="188"/>
    <testCase name="Test the provider /api/provider/confirmationStatus/:year/:week_number Login fail" duration="9"/>
    <testCase name="Test the provider /api/products/provider/expected/:year/:week_number It should response the GET method" duration="206"/>
    <testCase name="Test the provider /api/products/provider/expected/:year/:week_number Login fail" duration="12"/>
    <testCase name="Test the provider /api/provider/shipmentstatus/:year/:week_number It should response the GET method" duration="170"/>
    <testCase name="Test the provider /api/provider/shipmentstatus/:year/:week_number Login fail" duration="6"/>
    <testCase name="Test the provider /api/products/expected/:year/:week_number It should response the POST method" duration="191"/>
    <testCase name="Test the provider /api/products/expected/:year/:week_number Login fail" duration="6"/>
    <testCase name="Test the provider /users/email-availability/:email It should response the GET method" duration="15"/>
    <testCase name="Test the provider /provider/apply It should response the POST method" duration="230"/>
    <testCase name="Test the provider /manager/applications/pending It should response the GET method" duration="155"/>
    <testCase name="Test the provider /manager/applications/pending Login fail" duration="7"/>
    <testCase name="Test the provider /manager/applications/accepted It should response the GET method" duration="143"/>
    <testCase name="Test the provider /manager/applications/accepted Login fail" duration="7"/>
    <testCase name="Test the manager /manager/applications/accept/:application_id It should response the GET method" duration="439"/>
    <testCase name="Test the manager /manager/applications/accept/:application_id Login fail" duration="31"/>
    <testCase name="Test the manager /manager/applications/reject/:application_id It should response the GET method" duration="224"/>
    <testCase name="Test the manager /manager/applications/reject/:application_id Login fail" duration="7"/>
    <testCase name="Test the delete path It should response the delete method" duration="2"/>
    <testCase name="Test the add of order item It should response the post method" duration="3"/>
    <testCase name="Test the login path It should response the get method" duration="2"/>
    <testCase name="Test the login path It should response the delete method" duration="2"/>
    <testCase name="Test the provider /api/orderinsert It should response the POST method" duration="2"/>
  </file>
</testExecutions>