<?xml version="1.0" encoding="UTF-8"?>
<testExecutions version="1">
  <file path="C:\Users\heyda\Desktop\PoliTO\Third semester\Software Engineering 2\21-22\SPG\server\__tests__\unit_tests\Wallets.test.js">
    <testCase name="get all payment methods" duration="10"/>
    <testCase name="get all payment methods but an error occours in db" duration="1"/>
    <testCase name="get all payment methods but empty" duration="1"/>
    <testCase name="add new transaction" duration="1"/>
    <testCase name="add a transaction but an error in db occours when finding it" duration="1"/>
  </file>
  <file path="C:\Users\heyda\Desktop\PoliTO\Third semester\Software Engineering 2\21-22\SPG\server\__tests__\unit_tests\Server_tests\server.test.js">
    <testCase name="Test the products/all path It should response the GET method" duration="150"/>
    <testCase name="Test the product/:product_id path It should response the GET method" duration="14"/>
    <testCase name="Test the products/categories path It should response the GET method" duration="19"/>
    <testCase name="Test the providers/all path It should response the GET method" duration="13"/>
    <testCase name="Test the provider/:product_id path It should response the GET method" duration="56"/>
    <testCase name="Test the clients path It should response the GET method" duration="19"/>
    <testCase name="Test the orders path It should response the GET method" duration="67"/>
    <testCase name="Test the update orders It should response the PUT method" duration="55"/>
    <testCase name="Test to get all payment methods It should response the PUT method" duration="62"/>
    <testCase name="Test increasing the balance of client It should response the PUT method" duration="26"/>
    <testCase name="Test the provider /api/modifyquantity It should response the PUT method" duration="26"/>
    <testCase name="Test the provider /api/neworder path It should response the POST method" duration="91"/>
  </file>
</testExecutions>