<?xml version="1.0" encoding="UTF-8"?>
<testExecutions version="1">
  <file path="C:\Users\mario\Desktop\SPG\server\__tests__\unit_tests\Server_tests\server.test.js">
    <testCase name="Test the provider /api/orders/farmershipped It should response the POST method" duration="10"/>
  </file>
</testExecutions>